TN:
SF:src/i18n.ts
FN:33,t
FNF:1
FNH:1
FNDA:18,t
DA:3,1
DA:33,1
DA:34,18
LF:3
LH:3
BRDA:33,0,0,1
BRDA:34,1,0,18
BRDA:34,1,1,2
BRF:3
BRH:3
end_of_record
TN:
SF:src/types.ts
FNF:0
FNH:0
DA:45,2
DA:47,2
LF:2
LH:2
BRF:0
BRH:0
end_of_record
TN:
SF:src/services/apiService.ts
FN:16,(anonymous_0)
FN:18,(anonymous_1)
FN:22,(anonymous_2)
FN:27,(anonymous_3)
FN:28,(anonymous_4)
FN:35,(anonymous_5)
FN:36,(anonymous_6)
FN:41,(anonymous_7)
FN:50,(anonymous_8)
FN:62,(anonymous_9)
FN:63,(anonymous_10)
FN:68,(anonymous_11)
FN:78,(anonymous_12)
FN:125,(anonymous_13)
FN:139,(anonymous_14)
FN:152,(anonymous_15)
FN:161,(anonymous_16)
FN:174,(anonymous_17)
FN:187,(anonymous_18)
FN:217,(anonymous_19)
FN:228,(anonymous_20)
FN:235,(anonymous_21)
FN:242,(anonymous_22)
FN:252,(anonymous_23)
FN:253,(anonymous_24)
FN:255,(anonymous_25)
FN:256,(anonymous_26)
FN:263,toJsonObject
FNF:28
FNH:15
FNDA:8,(anonymous_0)
FNDA:13,(anonymous_1)
FNDA:4,(anonymous_2)
FNDA:6,(anonymous_3)
FNDA:6,(anonymous_4)
FNDA:3,(anonymous_5)
FNDA:0,(anonymous_6)
FNDA:0,(anonymous_7)
FNDA:5,(anonymous_8)
FNDA:6,(anonymous_9)
FNDA:6,(anonymous_10)
FNDA:5,(anonymous_11)
FNDA:3,(anonymous_12)
FNDA:1,(anonymous_13)
FNDA:0,(anonymous_14)
FNDA:0,(anonymous_15)
FNDA:0,(anonymous_16)
FNDA:0,(anonymous_17)
FNDA:0,(anonymous_18)
FNDA:0,(anonymous_19)
FNDA:3,(anonymous_20)
FNDA:3,(anonymous_21)
FNDA:2,(anonymous_22)
FNDA:0,(anonymous_23)
FNDA:0,(anonymous_24)
FNDA:0,(anonymous_25)
FNDA:0,(anonymous_26)
FNDA:0,toJsonObject
DA:1,1
DA:12,1
DA:13,8
DA:14,8
DA:16,8
DA:19,13
DA:23,4
DA:28,6
DA:29,6
DA:30,1
DA:31,1
DA:34,5
DA:35,5
DA:36,3
DA:37,0
DA:41,5
DA:42,0
DA:43,0
DA:44,0
DA:46,0
DA:50,5
DA:51,5
DA:52,5
DA:53,5
DA:55,5
DA:56,5
DA:63,6
DA:64,6
DA:65,1
DA:66,1
DA:68,5
DA:69,5
DA:70,5
DA:71,5
DA:83,3
DA:84,0
DA:85,0
DA:89,3
DA:92,3
DA:93,1
DA:94,1
DA:95,1
DA:98,2
DA:99,2
DA:100,2
DA:101,2
DA:103,2
DA:104,2
DA:105,1
DA:107,1
DA:108,0
DA:110,1
DA:111,0
DA:113,1
DA:114,0
DA:117,1
DA:119,0
DA:120,0
DA:121,0
DA:126,1
DA:127,1
DA:128,1
DA:129,1
DA:131,1
DA:143,0
DA:145,0
DA:146,0
DA:148,0
DA:149,0
DA:152,0
DA:153,0
DA:157,0
DA:158,0
DA:165,0
DA:167,0
DA:168,0
DA:170,0
DA:171,0
DA:174,0
DA:175,0
DA:179,0
DA:184,0
DA:195,0
DA:196,0
DA:197,0
DA:198,0
DA:200,0
DA:201,0
DA:202,0
DA:203,0
DA:204,0
DA:205,0
DA:207,0
DA:208,0
DA:212,0
DA:213,0
DA:214,0
DA:217,0
DA:218,0
DA:222,0
DA:223,0
DA:229,3
DA:230,3
DA:231,0
DA:232,0
DA:236,3
DA:237,3
DA:238,3
DA:239,3
DA:247,2
DA:248,2
DA:249,2
DA:253,0
DA:254,0
DA:255,0
DA:256,0
DA:257,0
DA:264,0
LF:118
LH:60
BRDA:19,0,0,13
BRDA:19,0,1,6
BRDA:29,1,0,1
BRDA:29,1,1,5
BRDA:34,2,0,5
BRDA:34,2,1,0
BRDA:42,3,0,0
BRDA:42,3,1,0
BRDA:52,4,0,5
BRDA:52,4,1,0
BRDA:52,5,0,5
BRDA:52,5,1,5
BRDA:64,6,0,1
BRDA:64,6,1,5
BRDA:83,7,0,0
BRDA:83,7,1,3
BRDA:92,8,0,1
BRDA:92,8,1,2
BRDA:98,9,0,2
BRDA:98,9,1,0
BRDA:99,10,0,2
BRDA:99,10,1,0
BRDA:104,11,0,1
BRDA:104,11,1,1
BRDA:104,12,0,2
BRDA:104,12,1,1
BRDA:107,13,0,0
BRDA:107,13,1,1
BRDA:107,14,0,1
BRDA:107,14,1,0
BRDA:110,15,0,0
BRDA:110,15,1,1
BRDA:110,16,0,1
BRDA:110,16,1,0
BRDA:113,17,0,0
BRDA:113,17,1,1
BRDA:113,18,0,1
BRDA:113,18,1,0
BRDA:113,18,2,0
BRDA:119,19,0,0
BRDA:119,19,1,0
BRDA:158,20,0,0
BRDA:158,20,1,0
BRDA:184,21,0,0
BRDA:184,21,1,0
BRDA:195,22,0,0
BRDA:195,22,1,0
BRDA:196,23,0,0
BRDA:196,23,1,0
BRDA:198,24,0,0
BRDA:198,24,1,0
BRDA:198,25,0,0
BRDA:198,25,1,0
BRDA:198,25,2,0
BRDA:203,26,0,0
BRDA:203,26,1,0
BRDA:205,27,0,0
BRDA:205,27,1,0
BRDA:205,28,0,0
BRDA:205,28,1,0
BRDA:205,28,2,0
BRDA:212,29,0,0
BRDA:212,29,1,0
BRDA:223,30,0,0
BRDA:223,30,1,0
BRDA:230,31,0,3
BRDA:230,31,1,0
BRDA:232,32,0,0
BRDA:232,32,1,0
BRDA:236,33,0,3
BRDA:236,33,1,3
BRDA:266,34,0,0
BRDA:266,34,1,0
BRDA:267,35,0,0
BRDA:267,35,1,0
BRDA:268,36,0,0
BRDA:268,36,1,0
BRDA:269,37,0,0
BRDA:269,37,1,0
BRDA:270,38,0,0
BRDA:270,38,1,0
BRF:81
BRH:28
end_of_record
TN:
SF:src/services/renderService.ts
FN:29,(anonymous_0)
FN:38,(anonymous_1)
FN:66,(anonymous_2)
FN:103,(anonymous_3)
FN:115,(anonymous_4)
FN:117,(anonymous_5)
FN:122,(anonymous_6)
FN:153,(anonymous_7)
FN:187,(anonymous_8)
FN:194,(anonymous_9)
FN:195,(anonymous_10)
FN:196,(anonymous_11)
FN:197,(anonymous_12)
FN:198,(anonymous_13)
FN:201,(anonymous_14)
FN:209,(anonymous_15)
FN:216,(anonymous_16)
FNF:17
FNH:16
FNDA:12,(anonymous_0)
FNDA:12,(anonymous_1)
FNDA:5,(anonymous_2)
FNDA:3,(anonymous_3)
FNDA:1,(anonymous_4)
FNDA:2,(anonymous_5)
FNDA:0,(anonymous_6)
FNDA:2,(anonymous_7)
FNDA:8,(anonymous_8)
FNDA:2,(anonymous_9)
FNDA:2,(anonymous_10)
FNDA:2,(anonymous_11)
FNDA:2,(anonymous_12)
FNDA:2,(anonymous_13)
FNDA:2,(anonymous_14)
FNDA:3,(anonymous_15)
FNDA:3,(anonymous_16)
DA:1,1
DA:28,1
DA:30,12
DA:31,12
DA:39,12
DA:40,12
DA:41,5
DA:43,7
DA:44,3
DA:46,4
DA:47,2
DA:48,2
DA:49,1
DA:51,1
DA:52,1
DA:54,2
DA:55,1
DA:57,1
DA:59,0
DA:60,0
DA:70,5
DA:71,5
DA:72,1
DA:75,4
DA:76,4
DA:77,4
DA:78,1
DA:81,3
DA:82,1
DA:85,2
DA:86,2
DA:88,2
DA:96,0
DA:97,0
DA:107,3
DA:108,3
DA:109,1
DA:112,2
DA:113,2
DA:114,2
DA:116,1
DA:117,1
DA:118,2
DA:121,0
DA:122,0
DA:123,0
DA:126,0
DA:130,2
DA:131,1
DA:133,1
DA:134,0
DA:137,1
DA:138,1
DA:146,1
DA:147,1
DA:158,2
DA:159,2
DA:160,2
DA:161,2
DA:163,2
DA:164,2
DA:165,2
DA:167,2
DA:168,2
DA:170,2
DA:171,0
DA:173,2
DA:174,0
DA:176,2
DA:178,0
DA:179,0
DA:181,2
DA:188,8
DA:189,8
DA:190,8
DA:191,8
DA:195,2
DA:196,2
DA:197,2
DA:198,2
DA:202,2
DA:203,2
DA:204,2
DA:205,2
DA:206,2
DA:207,2
DA:208,2
DA:209,3
DA:211,2
DA:213,0
DA:217,3
LF:91
LH:77
BRDA:40,0,0,5
BRDA:40,0,1,7
BRDA:43,1,0,3
BRDA:43,1,1,4
BRDA:46,2,0,2
BRDA:46,2,1,2
BRDA:48,3,0,1
BRDA:48,3,1,1
BRDA:48,4,0,2
BRDA:48,4,1,1
BRDA:54,5,0,1
BRDA:54,5,1,1
BRDA:59,6,0,0
BRDA:59,6,1,0
BRDA:71,7,0,1
BRDA:71,7,1,4
BRDA:77,8,0,1
BRDA:77,8,1,3
BRDA:81,9,0,1
BRDA:81,9,1,2
BRDA:93,10,0,1
BRDA:93,10,1,1
BRDA:96,11,0,0
BRDA:96,11,1,0
BRDA:108,12,0,1
BRDA:108,12,1,2
BRDA:116,13,0,1
BRDA:116,13,1,0
BRDA:121,14,0,0
BRDA:121,14,1,0
BRDA:133,15,0,0
BRDA:133,15,1,1
BRDA:143,16,0,1
BRDA:143,16,1,0
BRDA:146,17,0,1
BRDA:146,17,1,0
BRDA:168,18,0,2
BRDA:168,18,1,0
BRDA:170,19,0,0
BRDA:170,19,1,2
BRDA:173,20,0,0
BRDA:173,20,1,2
BRDA:178,21,0,0
BRDA:178,21,1,0
BRDA:191,22,0,8
BRDA:191,22,1,2
BRDA:202,23,0,0
BRDA:202,23,1,2
BRDA:204,24,0,2
BRDA:204,24,1,0
BRDA:205,25,0,2
BRDA:205,25,1,0
BRDA:209,26,0,3
BRDA:209,26,1,0
BRF:54
BRH:35
end_of_record
